<?xml version="1.0" encoding="UTF-8"?>
<!-- Generated by org.testng.reporters.JUnitReportReporter -->
<testsuite skipped="0" hostname="DESKTOP-95TPVNG" name="com.training.sanity.tests.Assignment1_ELTC_007_Test" tests="1" failures="0" timestamp="2020-01-30T14:00:10 IST" time="65.876" errors="0">
  <testcase name="validLoginTest" time="65.876" classname="com.training.sanity.tests.Assignment1_ELTC_007_Test"/>
</testsuite> <!-- com.training.sanity.tests.Assignment1_ELTC_007_Test -->
