<?xml version="1.0" encoding="UTF-8"?>
<!-- Generated by org.testng.reporters.JUnitReportReporter -->
<testsuite skipped="0" hostname="DESKTOP-95TPVNG" name="com.training.sanity.tests.Assignment1_ELTC_006_Test" tests="1" failures="0" timestamp="2020-01-30T13:56:50 IST" time="37.845" errors="0">
  <testcase name="validLoginTest" time="37.845" classname="com.training.sanity.tests.Assignment1_ELTC_006_Test"/>
</testsuite> <!-- com.training.sanity.tests.Assignment1_ELTC_006_Test -->
