<?xml version="1.0" encoding="UTF-8"?>
<!-- Generated by org.testng.reporters.JUnitReportReporter -->
<testsuite skipped="0" hostname="DESKTOP-95TPVNG" name="com.training.sanity.tests.Assignment1_ELTC_008_Test" tests="1" failures="0" timestamp="2020-01-30T14:18:46 IST" time="92.302" errors="0">
  <testcase name="validLoginTest" time="92.302" classname="com.training.sanity.tests.Assignment1_ELTC_008_Test"/>
</testsuite> <!-- com.training.sanity.tests.Assignment1_ELTC_008_Test -->
