<?xml version="1.0" encoding="UTF-8"?>
<!-- Generated by org.testng.reporters.JUnitReportReporter -->
<testsuite skipped="0" hostname="DESKTOP-95TPVNG" name="com.training.sanity.tests.Assignment1_ELTC_009_Test" tests="1" failures="0" timestamp="2020-01-30T15:40:21 IST" time="41.352" errors="0">
  <testcase name="validLoginTest" time="41.352" classname="com.training.sanity.tests.Assignment1_ELTC_009_Test"/>
</testsuite> <!-- com.training.sanity.tests.Assignment1_ELTC_009_Test -->
